{"total": {"lines":{"total":1996,"covered":1602,"skipped":0,"pct":80.26},"statements":{"total":2035,"covered":1634,"skipped":0,"pct":80.29},"functions":{"total":461,"covered":370,"skipped":0,"pct":80.26},"branches":{"total":1177,"covered":868,"skipped":0,"pct":73.74},"branchesTrue":{"total":0,"covered":0,"skipped":0,"pct":100}}
,"C:\\Users\\Joshu\\OneDrive\\Dokumente\\GitHub\\jckl.dev\\src\\components\\AboutProfileDeck.tsx": {"lines":{"total":94,"covered":75,"skipped":0,"pct":79.78},"functions":{"total":26,"covered":21,"skipped":0,"pct":80.76},"statements":{"total":95,"covered":76,"skipped":0,"pct":80},"branches":{"total":73,"covered":59,"skipped":0,"pct":80.82}}
,"C:\\Users\\Joshu\\OneDrive\\Dokumente\\GitHub\\jckl.dev\\src\\components\\BetweenLands.tsx": {"lines":{"total":47,"covered":46,"skipped":0,"pct":97.87},"functions":{"total":7,"covered":6,"skipped":0,"pct":85.71},"statements":{"total":47,"covered":46,"skipped":0,"pct":97.87},"branches":{"total":19,"covered":13,"skipped":0,"pct":68.42}}
,"C:\\Users\\Joshu\\OneDrive\\Dokumente\\GitHub\\jckl.dev\\src\\components\\Carousel.tsx": {"lines":{"total":57,"covered":0,"skipped":0,"pct":0},"functions":{"total":17,"covered":0,"skipped":0,"pct":0},"statements":{"total":59,"covered":0,"skipped":0,"pct":0},"branches":{"total":15,"covered":0,"skipped":0,"pct":0}}
,"C:\\Users\\Joshu\\OneDrive\\Dokumente\\GitHub\\jckl.dev\\src\\components\\Footer.tsx": {"lines":{"total":5,"covered":5,"skipped":0,"pct":100},"functions":{"total":1,"covered":1,"skipped":0,"pct":100},"statements":{"total":5,"covered":5,"skipped":0,"pct":100},"branches":{"total":2,"covered":2,"skipped":0,"pct":100}}
,"C:\\Users\\Joshu\\OneDrive\\Dokumente\\GitHub\\jckl.dev\\src\\components\\ProjectText.tsx": {"lines":{"total":8,"covered":8,"skipped":0,"pct":100},"functions":{"total":3,"covered":3,"skipped":0,"pct":100},"statements":{"total":8,"covered":8,"skipped":0,"pct":100},"branches":{"total":14,"covered":13,"skipped":0,"pct":92.85}}
,"C:\\Users\\Joshu\\OneDrive\\Dokumente\\GitHub\\jckl.dev\\src\\components\\ReactScanDebug.tsx": {"lines":{"total":24,"covered":20,"skipped":0,"pct":83.33},"functions":{"total":5,"covered":5,"skipped":0,"pct":100},"statements":{"total":24,"covered":20,"skipped":0,"pct":83.33},"branches":{"total":12,"covered":10,"skipped":0,"pct":83.33}}
,"C:\\Users\\Joshu\\OneDrive\\Dokumente\\GitHub\\jckl.dev\\src\\components\\SeparatorIn.tsx": {"lines":{"total":3,"covered":3,"skipped":0,"pct":100},"functions":{"total":1,"covered":1,"skipped":0,"pct":100},"statements":{"total":3,"covered":3,"skipped":0,"pct":100},"branches":{"total":4,"covered":4,"skipped":0,"pct":100}}
,"C:\\Users\\Joshu\\OneDrive\\Dokumente\\GitHub\\jckl.dev\\src\\components\\SeparatorOut.tsx": {"lines":{"total":23,"covered":23,"skipped":0,"pct":100},"functions":{"total":3,"covered":3,"skipped":0,"pct":100},"statements":{"total":23,"covered":23,"skipped":0,"pct":100},"branches":{"total":33,"covered":27,"skipped":0,"pct":81.81}}
,"C:\\Users\\Joshu\\OneDrive\\Dokumente\\GitHub\\jckl.dev\\src\\components\\Stars.tsx": {"lines":{"total":32,"covered":28,"skipped":0,"pct":87.5},"functions":{"total":9,"covered":5,"skipped":0,"pct":55.55},"statements":{"total":33,"covered":28,"skipped":0,"pct":84.84},"branches":{"total":13,"covered":12,"skipped":0,"pct":92.3}}
,"C:\\Users\\Joshu\\OneDrive\\Dokumente\\GitHub\\jckl.dev\\src\\components\\ThemeDebugToggle.tsx": {"lines":{"total":12,"covered":12,"skipped":0,"pct":100},"functions":{"total":5,"covered":5,"skipped":0,"pct":100},"statements":{"total":12,"covered":12,"skipped":0,"pct":100},"branches":{"total":0,"covered":0,"skipped":0,"pct":100}}
,"C:\\Users\\Joshu\\OneDrive\\Dokumente\\GitHub\\jckl.dev\\src\\components\\TypingText.tsx": {"lines":{"total":17,"covered":17,"skipped":0,"pct":100},"functions":{"total":8,"covered":8,"skipped":0,"pct":100},"statements":{"total":21,"covered":21,"skipped":0,"pct":100},"branches":{"total":7,"covered":7,"skipped":0,"pct":100}}
,"C:\\Users\\Joshu\\OneDrive\\Dokumente\\GitHub\\jckl.dev\\src\\components\\Sections\\About.tsx": {"lines":{"total":10,"covered":10,"skipped":0,"pct":100},"functions":{"total":1,"covered":1,"skipped":0,"pct":100},"statements":{"total":10,"covered":10,"skipped":0,"pct":100},"branches":{"total":18,"covered":17,"skipped":0,"pct":94.44}}
,"C:\\Users\\Joshu\\OneDrive\\Dokumente\\GitHub\\jckl.dev\\src\\components\\Sections\\Call.tsx": {"lines":{"total":49,"covered":29,"skipped":0,"pct":59.18},"functions":{"total":6,"covered":5,"skipped":0,"pct":83.33},"statements":{"total":49,"covered":29,"skipped":0,"pct":59.18},"branches":{"total":46,"covered":21,"skipped":0,"pct":45.65}}
,"C:\\Users\\Joshu\\OneDrive\\Dokumente\\GitHub\\jckl.dev\\src\\components\\Sections\\Connection.tsx": {"lines":{"total":69,"covered":59,"skipped":0,"pct":85.5},"functions":{"total":19,"covered":15,"skipped":0,"pct":78.94},"statements":{"total":71,"covered":61,"skipped":0,"pct":85.91},"branches":{"total":53,"covered":29,"skipped":0,"pct":54.71}}
,"C:\\Users\\Joshu\\OneDrive\\Dokumente\\GitHub\\jckl.dev\\src\\components\\Sections\\Contact.tsx": {"lines":{"total":215,"covered":175,"skipped":0,"pct":81.39},"functions":{"total":31,"covered":29,"skipped":0,"pct":93.54},"statements":{"total":216,"covered":176,"skipped":0,"pct":81.48},"branches":{"total":114,"covered":70,"skipped":0,"pct":61.4}}
,"C:\\Users\\Joshu\\OneDrive\\Dokumente\\GitHub\\jckl.dev\\src\\components\\Sections\\CrtMission.tsx": {"lines":{"total":90,"covered":73,"skipped":0,"pct":81.11},"functions":{"total":22,"covered":17,"skipped":0,"pct":77.27},"statements":{"total":92,"covered":75,"skipped":0,"pct":81.52},"branches":{"total":81,"covered":54,"skipped":0,"pct":66.66}}
,"C:\\Users\\Joshu\\OneDrive\\Dokumente\\GitHub\\jckl.dev\\src\\components\\Sections\\Hero.tsx": {"lines":{"total":5,"covered":5,"skipped":0,"pct":100},"functions":{"total":1,"covered":1,"skipped":0,"pct":100},"statements":{"total":5,"covered":5,"skipped":0,"pct":100},"branches":{"total":4,"covered":4,"skipped":0,"pct":100}}
,"C:\\Users\\Joshu\\OneDrive\\Dokumente\\GitHub\\jckl.dev\\src\\components\\Sections\\Projects.tsx": {"lines":{"total":10,"covered":10,"skipped":0,"pct":100},"functions":{"total":4,"covered":4,"skipped":0,"pct":100},"statements":{"total":11,"covered":11,"skipped":0,"pct":100},"branches":{"total":20,"covered":16,"skipped":0,"pct":80}}
,"C:\\Users\\Joshu\\OneDrive\\Dokumente\\GitHub\\jckl.dev\\src\\components\\Sections\\StarConstellation.tsx": {"lines":{"total":61,"covered":52,"skipped":0,"pct":85.24},"functions":{"total":17,"covered":12,"skipped":0,"pct":70.58},"statements":{"total":65,"covered":55,"skipped":0,"pct":84.61},"branches":{"total":30,"covered":26,"skipped":0,"pct":86.66}}
,"C:\\Users\\Joshu\\OneDrive\\Dokumente\\GitHub\\jckl.dev\\src\\components\\appliance\\ApplianceInsetPanel.tsx": {"lines":{"total":4,"covered":4,"skipped":0,"pct":100},"functions":{"total":1,"covered":1,"skipped":0,"pct":100},"statements":{"total":4,"covered":4,"skipped":0,"pct":100},"branches":{"total":4,"covered":4,"skipped":0,"pct":100}}
,"C:\\Users\\Joshu\\OneDrive\\Dokumente\\GitHub\\jckl.dev\\src\\components\\appliance\\ApplianceShell.tsx": {"lines":{"total":4,"covered":4,"skipped":0,"pct":100},"functions":{"total":1,"covered":1,"skipped":0,"pct":100},"statements":{"total":4,"covered":4,"skipped":0,"pct":100},"branches":{"total":5,"covered":5,"skipped":0,"pct":100}}
,"C:\\Users\\Joshu\\OneDrive\\Dokumente\\GitHub\\jckl.dev\\src\\components\\appliance\\ApplianceTerminal.tsx": {"lines":{"total":3,"covered":3,"skipped":0,"pct":100},"functions":{"total":1,"covered":1,"skipped":0,"pct":100},"statements":{"total":3,"covered":3,"skipped":0,"pct":100},"branches":{"total":10,"covered":9,"skipped":0,"pct":90}}
,"C:\\Users\\Joshu\\OneDrive\\Dokumente\\GitHub\\jckl.dev\\src\\components\\appliance\\Crt.tsx": {"lines":{"total":134,"covered":117,"skipped":0,"pct":87.31},"functions":{"total":23,"covered":19,"skipped":0,"pct":82.6},"statements":{"total":134,"covered":117,"skipped":0,"pct":87.31},"branches":{"total":100,"covered":79,"skipped":0,"pct":79}}
,"C:\\Users\\Joshu\\OneDrive\\Dokumente\\GitHub\\jckl.dev\\src\\components\\appliance\\Email.tsx": {"lines":{"total":10,"covered":10,"skipped":0,"pct":100},"functions":{"total":2,"covered":2,"skipped":0,"pct":100},"statements":{"total":11,"covered":11,"skipped":0,"pct":100},"branches":{"total":8,"covered":8,"skipped":0,"pct":100}}
,"C:\\Users\\Joshu\\OneDrive\\Dokumente\\GitHub\\jckl.dev\\src\\components\\hero\\Face.tsx": {"lines":{"total":0,"covered":0,"skipped":0,"pct":0},"functions":{"total":0,"covered":0,"skipped":0,"pct":0},"statements":{"total":0,"covered":0,"skipped":0,"pct":0},"branches":{"total":0,"covered":0,"skipped":0,"pct":0}}
,"C:\\Users\\Joshu\\OneDrive\\Dokumente\\GitHub\\jckl.dev\\src\\components\\hero\\HeroFace.tsx": {"lines":{"total":7,"covered":7,"skipped":0,"pct":100},"functions":{"total":1,"covered":1,"skipped":0,"pct":100},"statements":{"total":7,"covered":7,"skipped":0,"pct":100},"branches":{"total":4,"covered":4,"skipped":0,"pct":100}}
,"C:\\Users\\Joshu\\OneDrive\\Dokumente\\GitHub\\jckl.dev\\src\\components\\hero\\HeroFaceFrame.tsx": {"lines":{"total":17,"covered":17,"skipped":0,"pct":100},"functions":{"total":4,"covered":4,"skipped":0,"pct":100},"statements":{"total":17,"covered":17,"skipped":0,"pct":100},"branches":{"total":6,"covered":6,"skipped":0,"pct":100}}
,"C:\\Users\\Joshu\\OneDrive\\Dokumente\\GitHub\\jckl.dev\\src\\components\\phone\\Phone.tsx": {"lines":{"total":27,"covered":25,"skipped":0,"pct":92.59},"functions":{"total":9,"covered":9,"skipped":0,"pct":100},"statements":{"total":29,"covered":27,"skipped":0,"pct":93.1},"branches":{"total":10,"covered":8,"skipped":0,"pct":80}}
,"C:\\Users\\Joshu\\OneDrive\\Dokumente\\GitHub\\jckl.dev\\src\\components\\phone\\PhonePad.tsx": {"lines":{"total":25,"covered":25,"skipped":0,"pct":100},"functions":{"total":11,"covered":11,"skipped":0,"pct":100},"statements":{"total":25,"covered":25,"skipped":0,"pct":100},"branches":{"total":28,"covered":28,"skipped":0,"pct":100}}
,"C:\\Users\\Joshu\\OneDrive\\Dokumente\\GitHub\\jckl.dev\\src\\components\\phone\\Phonewave.tsx": {"lines":{"total":48,"covered":42,"skipped":0,"pct":87.5},"functions":{"total":10,"covered":8,"skipped":0,"pct":80},"statements":{"total":50,"covered":43,"skipped":0,"pct":86},"branches":{"total":40,"covered":30,"skipped":0,"pct":75}}
,"C:\\Users\\Joshu\\OneDrive\\Dokumente\\GitHub\\jckl.dev\\src\\components\\phone\\PhonewaveScreen.tsx": {"lines":{"total":23,"covered":23,"skipped":0,"pct":100},"functions":{"total":5,"covered":5,"skipped":0,"pct":100},"statements":{"total":23,"covered":23,"skipped":0,"pct":100},"branches":{"total":17,"covered":17,"skipped":0,"pct":100}}
,"C:\\Users\\Joshu\\OneDrive\\Dokumente\\GitHub\\jckl.dev\\src\\components\\phone\\PhonewaveTimerControls.tsx": {"lines":{"total":13,"covered":12,"skipped":0,"pct":92.3},"functions":{"total":6,"covered":5,"skipped":0,"pct":83.33},"statements":{"total":13,"covered":12,"skipped":0,"pct":92.3},"branches":{"total":20,"covered":18,"skipped":0,"pct":90}}
,"C:\\Users\\Joshu\\OneDrive\\Dokumente\\GitHub\\jckl.dev\\src\\components\\puzzle\\Puzzle.tsx": {"lines":{"total":94,"covered":86,"skipped":0,"pct":91.48},"functions":{"total":19,"covered":16,"skipped":0,"pct":84.21},"statements":{"total":95,"covered":87,"skipped":0,"pct":91.57},"branches":{"total":72,"covered":65,"skipped":0,"pct":90.27}}
,"C:\\Users\\Joshu\\OneDrive\\Dokumente\\GitHub\\jckl.dev\\src\\components\\puzzle\\PuzzleGame.tsx": {"lines":{"total":81,"covered":80,"skipped":0,"pct":98.76},"functions":{"total":27,"covered":27,"skipped":0,"pct":100},"statements":{"total":85,"covered":84,"skipped":0,"pct":98.82},"branches":{"total":40,"covered":36,"skipped":0,"pct":90}}
,"C:\\Users\\Joshu\\OneDrive\\Dokumente\\GitHub\\jckl.dev\\src\\components\\puzzle\\PuzzlePiece.tsx": {"lines":{"total":124,"covered":112,"skipped":0,"pct":90.32},"functions":{"total":27,"covered":27,"skipped":0,"pct":100},"statements":{"total":125,"covered":113,"skipped":0,"pct":90.4},"branches":{"total":59,"covered":46,"skipped":0,"pct":77.96}}
,"C:\\Users\\Joshu\\OneDrive\\Dokumente\\GitHub\\jckl.dev\\src\\components\\puzzle\\PuzzlePieceTransfer.tsx": {"lines":{"total":79,"covered":69,"skipped":0,"pct":87.34},"functions":{"total":13,"covered":11,"skipped":0,"pct":84.61},"statements":{"total":79,"covered":69,"skipped":0,"pct":87.34},"branches":{"total":34,"covered":24,"skipped":0,"pct":70.58}}
,"C:\\Users\\Joshu\\OneDrive\\Dokumente\\GitHub\\jckl.dev\\src\\components\\puzzle\\PuzzleSignalBoard.tsx": {"lines":{"total":12,"covered":12,"skipped":0,"pct":100},"functions":{"total":4,"covered":4,"skipped":0,"pct":100},"statements":{"total":12,"covered":12,"skipped":0,"pct":100},"branches":{"total":10,"covered":10,"skipped":0,"pct":100}}
,"C:\\Users\\Joshu\\OneDrive\\Dokumente\\GitHub\\jckl.dev\\src\\context\\PuzzleContext.tsx": {"lines":{"total":6,"covered":6,"skipped":0,"pct":100},"functions":{"total":1,"covered":1,"skipped":0,"pct":100},"statements":{"total":6,"covered":6,"skipped":0,"pct":100},"branches":{"total":0,"covered":0,"skipped":0,"pct":100}}
,"C:\\Users\\Joshu\\OneDrive\\Dokumente\\GitHub\\jckl.dev\\src\\data\\puzzleGroups.ts": {"lines":{"total":10,"covered":10,"skipped":0,"pct":100},"functions":{"total":3,"covered":3,"skipped":0,"pct":100},"statements":{"total":11,"covered":11,"skipped":0,"pct":100},"branches":{"total":6,"covered":6,"skipped":0,"pct":100}}
,"C:\\Users\\Joshu\\OneDrive\\Dokumente\\GitHub\\jckl.dev\\src\\hooks\\useDataContext.tsx": {"lines":{"total":5,"covered":4,"skipped":0,"pct":80},"functions":{"total":1,"covered":1,"skipped":0,"pct":100},"statements":{"total":5,"covered":4,"skipped":0,"pct":80},"branches":{"total":2,"covered":1,"skipped":0,"pct":50}}
,"C:\\Users\\Joshu\\OneDrive\\Dokumente\\GitHub\\jckl.dev\\src\\pages\\api\\openai.ts": {"lines":{"total":5,"covered":5,"skipped":0,"pct":100},"functions":{"total":1,"covered":1,"skipped":0,"pct":100},"statements":{"total":5,"covered":5,"skipped":0,"pct":100},"branches":{"total":0,"covered":0,"skipped":0,"pct":100}}
,"C:\\Users\\Joshu\\OneDrive\\Dokumente\\GitHub\\jckl.dev\\src\\server\\contactSentiment.ts": {"lines":{"total":31,"covered":31,"skipped":0,"pct":100},"functions":{"total":4,"covered":4,"skipped":0,"pct":100},"statements":{"total":31,"covered":31,"skipped":0,"pct":100},"branches":{"total":14,"covered":13,"skipped":0,"pct":92.85}}
,"C:\\Users\\Joshu\\OneDrive\\Dokumente\\GitHub\\jckl.dev\\src\\stores\\endingMailStore.ts": {"lines":{"total":4,"covered":4,"skipped":0,"pct":100},"functions":{"total":1,"covered":1,"skipped":0,"pct":100},"statements":{"total":4,"covered":4,"skipped":0,"pct":100},"branches":{"total":0,"covered":0,"skipped":0,"pct":100}}
,"C:\\Users\\Joshu\\OneDrive\\Dokumente\\GitHub\\jckl.dev\\src\\stores\\endingStore.ts": {"lines":{"total":56,"covered":51,"skipped":0,"pct":91.07},"functions":{"total":21,"covered":18,"skipped":0,"pct":85.71},"statements":{"total":58,"covered":53,"skipped":0,"pct":91.37},"branches":{"total":23,"covered":17,"skipped":0,"pct":73.91}}
,"C:\\Users\\Joshu\\OneDrive\\Dokumente\\GitHub\\jckl.dev\\src\\stores\\gameStateStore.tsx": {"lines":{"total":17,"covered":17,"skipped":0,"pct":100},"functions":{"total":6,"covered":6,"skipped":0,"pct":100},"statements":{"total":18,"covered":18,"skipped":0,"pct":100},"branches":{"total":2,"covered":2,"skipped":0,"pct":100}}
,"C:\\Users\\Joshu\\OneDrive\\Dokumente\\GitHub\\jckl.dev\\src\\stores\\offScriptCountStore.tsx": {"lines":{"total":1,"covered":1,"skipped":0,"pct":100},"functions":{"total":0,"covered":0,"skipped":0,"pct":100},"statements":{"total":1,"covered":1,"skipped":0,"pct":100},"branches":{"total":0,"covered":0,"skipped":0,"pct":100}}
,"C:\\Users\\Joshu\\OneDrive\\Dokumente\\GitHub\\jckl.dev\\src\\stores\\phoneStore.ts": {"lines":{"total":19,"covered":19,"skipped":0,"pct":100},"functions":{"total":3,"covered":3,"skipped":0,"pct":100},"statements":{"total":19,"covered":19,"skipped":0,"pct":100},"branches":{"total":0,"covered":0,"skipped":0,"pct":100}}
,"C:\\Users\\Joshu\\OneDrive\\Dokumente\\GitHub\\jckl.dev\\src\\stores\\puzzleDispenseStore.ts": {"lines":{"total":11,"covered":11,"skipped":0,"pct":100},"functions":{"total":2,"covered":2,"skipped":0,"pct":100},"statements":{"total":11,"covered":11,"skipped":0,"pct":100},"branches":{"total":4,"covered":4,"skipped":0,"pct":100}}
,"C:\\Users\\Joshu\\OneDrive\\Dokumente\\GitHub\\jckl.dev\\src\\stores\\puzzleLayoutStore.ts": {"lines":{"total":3,"covered":3,"skipped":0,"pct":100},"functions":{"total":1,"covered":1,"skipped":0,"pct":100},"statements":{"total":3,"covered":3,"skipped":0,"pct":100},"branches":{"total":0,"covered":0,"skipped":0,"pct":100}}
,"C:\\Users\\Joshu\\OneDrive\\Dokumente\\GitHub\\jckl.dev\\src\\stores\\puzzleResetStore.ts": {"lines":{"total":7,"covered":7,"skipped":0,"pct":100},"functions":{"total":2,"covered":2,"skipped":0,"pct":100},"statements":{"total":7,"covered":7,"skipped":0,"pct":100},"branches":{"total":4,"covered":3,"skipped":0,"pct":75}}
,"C:\\Users\\Joshu\\OneDrive\\Dokumente\\GitHub\\jckl.dev\\src\\stores\\stringStore.tsx": {"lines":{"total":2,"covered":2,"skipped":0,"pct":100},"functions":{"total":0,"covered":0,"skipped":0,"pct":100},"statements":{"total":2,"covered":2,"skipped":0,"pct":100},"branches":{"total":0,"covered":0,"skipped":0,"pct":100}}
,"C:\\Users\\Joshu\\OneDrive\\Dokumente\\GitHub\\jckl.dev\\src\\utility\\audioContext.ts": {"lines":{"total":64,"covered":0,"skipped":0,"pct":0},"functions":{"total":12,"covered":0,"skipped":0,"pct":0},"statements":{"total":65,"covered":0,"skipped":0,"pct":0},"branches":{"total":18,"covered":0,"skipped":0,"pct":0}}
,"C:\\Users\\Joshu\\OneDrive\\Dokumente\\GitHub\\jckl.dev\\src\\utility\\endingMode.ts": {"lines":{"total":37,"covered":31,"skipped":0,"pct":83.78},"functions":{"total":5,"covered":5,"skipped":0,"pct":100},"statements":{"total":37,"covered":31,"skipped":0,"pct":83.78},"branches":{"total":18,"covered":11,"skipped":0,"pct":61.11}}
,"C:\\Users\\Joshu\\OneDrive\\Dokumente\\GitHub\\jckl.dev\\src\\utility\\finalCacheState.ts": {"lines":{"total":15,"covered":10,"skipped":0,"pct":66.66},"functions":{"total":6,"covered":4,"skipped":0,"pct":66.66},"statements":{"total":16,"covered":11,"skipped":0,"pct":68.75},"branches":{"total":3,"covered":2,"skipped":0,"pct":66.66}}
,"C:\\Users\\Joshu\\OneDrive\\Dokumente\\GitHub\\jckl.dev\\src\\utility\\formatDate.ts": {"lines":{"total":7,"covered":7,"skipped":0,"pct":100},"functions":{"total":1,"covered":1,"skipped":0,"pct":100},"statements":{"total":7,"covered":7,"skipped":0,"pct":100},"branches":{"total":3,"covered":3,"skipped":0,"pct":100}}
,"C:\\Users\\Joshu\\OneDrive\\Dokumente\\GitHub\\jckl.dev\\src\\utility\\icons.tsx": {"lines":{"total":24,"covered":20,"skipped":0,"pct":83.33},"functions":{"total":8,"covered":4,"skipped":0,"pct":50},"statements":{"total":24,"covered":20,"skipped":0,"pct":83.33},"branches":{"total":0,"covered":0,"skipped":0,"pct":100}}
,"C:\\Users\\Joshu\\OneDrive\\Dokumente\\GitHub\\jckl.dev\\src\\utility\\phoneProgress.ts": {"lines":{"total":2,"covered":2,"skipped":0,"pct":100},"functions":{"total":1,"covered":1,"skipped":0,"pct":100},"statements":{"total":2,"covered":2,"skipped":0,"pct":100},"branches":{"total":0,"covered":0,"skipped":0,"pct":100}}
,"C:\\Users\\Joshu\\OneDrive\\Dokumente\\GitHub\\jckl.dev\\src\\utility\\phoneTargetDate.ts": {"lines":{"total":6,"covered":6,"skipped":0,"pct":100},"functions":{"total":3,"covered":3,"skipped":0,"pct":100},"statements":{"total":7,"covered":7,"skipped":0,"pct":100},"branches":{"total":2,"covered":2,"skipped":0,"pct":100}}
,"C:\\Users\\Joshu\\OneDrive\\Dokumente\\GitHub\\jckl.dev\\src\\utility\\phoneTimer.ts": {"lines":{"total":30,"covered":30,"skipped":0,"pct":100},"functions":{"total":6,"covered":6,"skipped":0,"pct":100},"statements":{"total":31,"covered":31,"skipped":0,"pct":100},"branches":{"total":15,"covered":15,"skipped":0,"pct":100}}
,"C:\\Users\\Joshu\\OneDrive\\Dokumente\\GitHub\\jckl.dev\\src\\utility\\pieceImages.ts": {"lines":{"total":30,"covered":27,"skipped":0,"pct":90},"functions":{"total":9,"covered":9,"skipped":0,"pct":100},"statements":{"total":31,"covered":28,"skipped":0,"pct":90.32},"branches":{"total":10,"covered":8,"skipped":0,"pct":80}}
,"C:\\Users\\Joshu\\OneDrive\\Dokumente\\GitHub\\jckl.dev\\src\\utility\\toggleTheme.ts": {"lines":{"total":68,"covered":0,"skipped":0,"pct":0},"functions":{"total":14,"covered":0,"skipped":0,"pct":0},"statements":{"total":69,"covered":0,"skipped":0,"pct":0},"branches":{"total":28,"covered":0,"skipped":0,"pct":0}}
}
